<?xml version="1.0" encoding="UTF-8"?>
<robot generator="Robot 3.2.2 (Python 3.7.9 on win32)" generated="20210127 16:55:05.928" rpa="false">
<suite id="s1" name="Appium99003123" source="C:\Users\CTEA\eclipse-workspace\Robot_Framework\Robot_workspace\Appium99003123">
<suite id="s1-s1" name="CarInfo" source="C:\Users\CTEA\eclipse-workspace\Robot_Framework\Robot_workspace\Appium99003123\CarInfo">
<suite id="s1-s1-s1" name="Verify CarInfo test" source="C:\Users\CTEA\eclipse-workspace\Robot_Framework\Robot_workspace\Appium99003123\CarInfo\Verify_CarInfo_test.robot">
<test id="s1-s1-s1-t1" name="TC1_VerifyCarinfo">
<kw name="Open Application" library="AppiumLibrary">
<doc>Opens a new application to given Appium server.
Capabilities of appium server, Android and iOS,
Please check https://github.com/appium/appium/blob/master/docs/en/writing-running-appium/server-args.md
| *Option*            | *Man.* | *Description*     |
| remote_url          | Yes    | Appium server url |
| alias               | no     | alias             |</doc>
<arguments>
<arg>http://localhost:4723/wd/hub</arg>
<arg>platformName=android</arg>
<arg>deviceName=redmi</arg>
<arg>appPackage=com.cuvora.carinfo</arg>
<arg>appActivity=com.cuvora.carinfo.activity.HomePageActivity</arg>
<arg>noReset=True</arg>
</arguments>
<status status="PASS" starttime="20210127 16:55:06.297" endtime="20210127 16:55:22.583"></status>
</kw>
<kw name="Set Appium Timeout" library="AppiumLibrary">
<doc>Sets the timeout in seconds used by various keywords.</doc>
<arguments>
<arg>30s</arg>
</arguments>
<status status="PASS" starttime="20210127 16:55:22.583" endtime="20210127 16:55:22.585"></status>
</kw>
<kw name="Tap" library="AppiumLibrary">
<doc>Tap element identified by ``locator``.</doc>
<arguments>
<arg>//*</arg>
<arg>273</arg>
<arg>2096</arg>
</arguments>
<status status="PASS" starttime="20210127 16:55:22.585" endtime="20210127 16:55:24.113"></status>
</kw>
<kw name="${i} IN RANGE [ 0 | 999 ]" type="for">
<kw name="${i} = 0" type="foritem">
<kw name="Run Keyword And Ignore Error" library="BuiltIn">
<doc>Runs the given keyword with the given arguments and ignores possible error.</doc>
<arguments>
<arg>Click Element</arg>
<arg>//*[contains(@text,"LAND ROVER")]</arg>
</arguments>
<assign>
<var>${output}</var>
</assign>
<kw name="Click Element" library="AppiumLibrary">
<doc>Click element identified by `locator`.</doc>
<arguments>
<arg>//*[contains(@text,"LAND ROVER")]</arg>
</arguments>
<msg timestamp="20210127 16:55:24.116" level="INFO">Clicking element '//*[contains(@text,"LAND ROVER")]'.</msg>
<kw name="Capture Page Screenshot" library="AppiumLibrary">
<doc>Takes a screenshot of the current page and embeds it into the log.</doc>
<msg timestamp="20210127 16:55:24.875" level="INFO" html="yes">&lt;/td&gt;&lt;/tr&gt;&lt;tr&gt;&lt;td colspan="3"&gt;&lt;a href="appium-screenshot-1.png"&gt;&lt;img src="appium-screenshot-1.png" width="800px"&gt;&lt;/a&gt;</msg>
<status status="PASS" starttime="20210127 16:55:24.347" endtime="20210127 16:55:24.875"></status>
</kw>
<msg timestamp="20210127 16:55:24.877" level="FAIL">ValueError: Element locator '//*[contains(@text,"LAND ROVER")]' did not match any elements.</msg>
<status status="FAIL" starttime="20210127 16:55:24.114" endtime="20210127 16:55:24.877"></status>
</kw>
<msg timestamp="20210127 16:55:24.878" level="INFO">${output} = ('FAIL', 'ValueError: Element locator \'//*[contains(@text,"LAND ROVER")]\' did not match any elements.')</msg>
<status status="PASS" starttime="20210127 16:55:24.114" endtime="20210127 16:55:24.878"></status>
</kw>
<kw name="Swipe By Percent" library="AppiumLibrary">
<doc>Swipe from one percent of the screen to another percent, for an optional duration.
Normal swipe fails to scale for different screen resolutions, this can be avoided using percent.</doc>
<arguments>
<arg>50</arg>
<arg>75</arg>
<arg>50</arg>
<arg>25</arg>
<arg>1000</arg>
</arguments>
<status status="PASS" starttime="20210127 16:55:24.878" endtime="20210127 16:55:26.255"></status>
</kw>
<kw name="Exit For Loop If" library="BuiltIn">
<doc>Stops executing the enclosing for loop if the ``condition`` is true.</doc>
<arguments>
<arg>'${output}[0]'=='PASS'</arg>
</arguments>
<status status="PASS" starttime="20210127 16:55:26.255" endtime="20210127 16:55:26.256"></status>
</kw>
<status status="PASS" starttime="20210127 16:55:24.114" endtime="20210127 16:55:26.257"></status>
</kw>
<kw name="${i} = 1" type="foritem">
<kw name="Run Keyword And Ignore Error" library="BuiltIn">
<doc>Runs the given keyword with the given arguments and ignores possible error.</doc>
<arguments>
<arg>Click Element</arg>
<arg>//*[contains(@text,"LAND ROVER")]</arg>
</arguments>
<assign>
<var>${output}</var>
</assign>
<kw name="Click Element" library="AppiumLibrary">
<doc>Click element identified by `locator`.</doc>
<arguments>
<arg>//*[contains(@text,"LAND ROVER")]</arg>
</arguments>
<msg timestamp="20210127 16:55:26.260" level="INFO">Clicking element '//*[contains(@text,"LAND ROVER")]'.</msg>
<kw name="Capture Page Screenshot" library="AppiumLibrary">
<doc>Takes a screenshot of the current page and embeds it into the log.</doc>
<msg timestamp="20210127 16:55:27.328" level="INFO" html="yes">&lt;/td&gt;&lt;/tr&gt;&lt;tr&gt;&lt;td colspan="3"&gt;&lt;a href="appium-screenshot-2.png"&gt;&lt;img src="appium-screenshot-2.png" width="800px"&gt;&lt;/a&gt;</msg>
<status status="PASS" starttime="20210127 16:55:26.730" endtime="20210127 16:55:27.329"></status>
</kw>
<msg timestamp="20210127 16:55:27.330" level="FAIL">ValueError: Element locator '//*[contains(@text,"LAND ROVER")]' did not match any elements.</msg>
<status status="FAIL" starttime="20210127 16:55:26.258" endtime="20210127 16:55:27.330"></status>
</kw>
<msg timestamp="20210127 16:55:27.331" level="INFO">${output} = ('FAIL', 'ValueError: Element locator \'//*[contains(@text,"LAND ROVER")]\' did not match any elements.')</msg>
<status status="PASS" starttime="20210127 16:55:26.257" endtime="20210127 16:55:27.331"></status>
</kw>
<kw name="Swipe By Percent" library="AppiumLibrary">
<doc>Swipe from one percent of the screen to another percent, for an optional duration.
Normal swipe fails to scale for different screen resolutions, this can be avoided using percent.</doc>
<arguments>
<arg>50</arg>
<arg>75</arg>
<arg>50</arg>
<arg>25</arg>
<arg>1000</arg>
</arguments>
<status status="PASS" starttime="20210127 16:55:27.331" endtime="20210127 16:55:28.714"></status>
</kw>
<kw name="Exit For Loop If" library="BuiltIn">
<doc>Stops executing the enclosing for loop if the ``condition`` is true.</doc>
<arguments>
<arg>'${output}[0]'=='PASS'</arg>
</arguments>
<status status="PASS" starttime="20210127 16:55:28.715" endtime="20210127 16:55:28.716"></status>
</kw>
<status status="PASS" starttime="20210127 16:55:26.257" endtime="20210127 16:55:28.716"></status>
</kw>
<kw name="${i} = 2" type="foritem">
<kw name="Run Keyword And Ignore Error" library="BuiltIn">
<doc>Runs the given keyword with the given arguments and ignores possible error.</doc>
<arguments>
<arg>Click Element</arg>
<arg>//*[contains(@text,"LAND ROVER")]</arg>
</arguments>
<assign>
<var>${output}</var>
</assign>
<kw name="Click Element" library="AppiumLibrary">
<doc>Click element identified by `locator`.</doc>
<arguments>
<arg>//*[contains(@text,"LAND ROVER")]</arg>
</arguments>
<msg timestamp="20210127 16:55:28.719" level="INFO">Clicking element '//*[contains(@text,"LAND ROVER")]'.</msg>
<status status="PASS" starttime="20210127 16:55:28.717" endtime="20210127 16:55:29.584"></status>
</kw>
<msg timestamp="20210127 16:55:29.585" level="INFO">${output} = ('PASS', None)</msg>
<status status="PASS" starttime="20210127 16:55:28.716" endtime="20210127 16:55:29.585"></status>
</kw>
<kw name="Swipe By Percent" library="AppiumLibrary">
<doc>Swipe from one percent of the screen to another percent, for an optional duration.
Normal swipe fails to scale for different screen resolutions, this can be avoided using percent.</doc>
<arguments>
<arg>50</arg>
<arg>75</arg>
<arg>50</arg>
<arg>25</arg>
<arg>1000</arg>
</arguments>
<status status="PASS" starttime="20210127 16:55:29.586" endtime="20210127 16:55:32.121"></status>
</kw>
<kw name="Exit For Loop If" library="BuiltIn">
<doc>Stops executing the enclosing for loop if the ``condition`` is true.</doc>
<arguments>
<arg>'${output}[0]'=='PASS'</arg>
</arguments>
<msg timestamp="20210127 16:55:32.122" level="INFO">Exiting for loop altogether.</msg>
<status status="PASS" starttime="20210127 16:55:32.121" endtime="20210127 16:55:32.123"></status>
</kw>
<status status="PASS" starttime="20210127 16:55:28.716" endtime="20210127 16:55:32.123"></status>
</kw>
<status status="PASS" starttime="20210127 16:55:24.113" endtime="20210127 16:55:32.123"></status>
</kw>
<kw name="${i} IN RANGE [ 0 | 999 ]" type="for">
<kw name="${i} = 0" type="foritem">
<kw name="Run Keyword And Ignore Error" library="BuiltIn">
<doc>Runs the given keyword with the given arguments and ignores possible error.</doc>
<arguments>
<arg>Click Element</arg>
<arg>//*[contains(@text,"Range Rover Evoque")]</arg>
</arguments>
<assign>
<var>${output}</var>
</assign>
<kw name="Click Element" library="AppiumLibrary">
<doc>Click element identified by `locator`.</doc>
<arguments>
<arg>//*[contains(@text,"Range Rover Evoque")]</arg>
</arguments>
<msg timestamp="20210127 16:55:32.126" level="INFO">Clicking element '//*[contains(@text,"Range Rover Evoque")]'.</msg>
<status status="PASS" starttime="20210127 16:55:32.125" endtime="20210127 16:55:34.170"></status>
</kw>
<msg timestamp="20210127 16:55:34.171" level="INFO">${output} = ('PASS', None)</msg>
<status status="PASS" starttime="20210127 16:55:32.124" endtime="20210127 16:55:34.171"></status>
</kw>
<kw name="Swipe By Percent" library="AppiumLibrary">
<doc>Swipe from one percent of the screen to another percent, for an optional duration.
Normal swipe fails to scale for different screen resolutions, this can be avoided using percent.</doc>
<arguments>
<arg>50</arg>
<arg>75</arg>
<arg>50</arg>
<arg>50</arg>
<arg>1000</arg>
</arguments>
<status status="PASS" starttime="20210127 16:55:34.171" endtime="20210127 16:55:35.973"></status>
</kw>
<kw name="Exit For Loop If" library="BuiltIn">
<doc>Stops executing the enclosing for loop if the ``condition`` is true.</doc>
<arguments>
<arg>'${output}[0]'=='PASS'</arg>
</arguments>
<msg timestamp="20210127 16:55:35.974" level="INFO">Exiting for loop altogether.</msg>
<status status="PASS" starttime="20210127 16:55:35.973" endtime="20210127 16:55:35.974"></status>
</kw>
<status status="PASS" starttime="20210127 16:55:32.124" endtime="20210127 16:55:35.975"></status>
</kw>
<status status="PASS" starttime="20210127 16:55:32.124" endtime="20210127 16:55:35.975"></status>
</kw>
<kw name="${i} IN RANGE [ 0 | 999 ]" type="for">
<kw name="${i} = 0" type="foritem">
<kw name="Run Keyword And Ignore Error" library="BuiltIn">
<doc>Runs the given keyword with the given arguments and ignores possible error.</doc>
<arguments>
<arg>Click Element</arg>
<arg>//*[contains(@text,"HSE Dynamic Petrol")]</arg>
</arguments>
<assign>
<var>${output}</var>
</assign>
<kw name="Click Element" library="AppiumLibrary">
<doc>Click element identified by `locator`.</doc>
<arguments>
<arg>//*[contains(@text,"HSE Dynamic Petrol")]</arg>
</arguments>
<msg timestamp="20210127 16:55:35.978" level="INFO">Clicking element '//*[contains(@text,"HSE Dynamic Petrol")]'.</msg>
<kw name="Capture Page Screenshot" library="AppiumLibrary">
<doc>Takes a screenshot of the current page and embeds it into the log.</doc>
<msg timestamp="20210127 16:55:37.104" level="INFO" html="yes">&lt;/td&gt;&lt;/tr&gt;&lt;tr&gt;&lt;td colspan="3"&gt;&lt;a href="appium-screenshot-3.png"&gt;&lt;img src="appium-screenshot-3.png" width="800px"&gt;&lt;/a&gt;</msg>
<status status="PASS" starttime="20210127 16:55:36.548" endtime="20210127 16:55:37.104"></status>
</kw>
<msg timestamp="20210127 16:55:37.105" level="FAIL">ValueError: Element locator '//*[contains(@text,"HSE Dynamic Petrol")]' did not match any elements.</msg>
<status status="FAIL" starttime="20210127 16:55:35.976" endtime="20210127 16:55:37.106"></status>
</kw>
<msg timestamp="20210127 16:55:37.106" level="INFO">${output} = ('FAIL', 'ValueError: Element locator \'//*[contains(@text,"HSE Dynamic Petrol")]\' did not match any elements.')</msg>
<status status="PASS" starttime="20210127 16:55:35.976" endtime="20210127 16:55:37.106"></status>
</kw>
<kw name="Swipe By Percent" library="AppiumLibrary">
<doc>Swipe from one percent of the screen to another percent, for an optional duration.
Normal swipe fails to scale for different screen resolutions, this can be avoided using percent.</doc>
<arguments>
<arg>50</arg>
<arg>75</arg>
<arg>50</arg>
<arg>25</arg>
<arg>1000</arg>
</arguments>
<status status="PASS" starttime="20210127 16:55:37.107" endtime="20210127 16:55:38.640"></status>
</kw>
<kw name="Exit For Loop If" library="BuiltIn">
<doc>Stops executing the enclosing for loop if the ``condition`` is true.</doc>
<arguments>
<arg>'${output}[0]'=='PASS'</arg>
</arguments>
<status status="PASS" starttime="20210127 16:55:38.641" endtime="20210127 16:55:38.642"></status>
</kw>
<status status="PASS" starttime="20210127 16:55:35.976" endtime="20210127 16:55:38.642"></status>
</kw>
<kw name="${i} = 1" type="foritem">
<kw name="Run Keyword And Ignore Error" library="BuiltIn">
<doc>Runs the given keyword with the given arguments and ignores possible error.</doc>
<arguments>
<arg>Click Element</arg>
<arg>//*[contains(@text,"HSE Dynamic Petrol")]</arg>
</arguments>
<assign>
<var>${output}</var>
</assign>
<kw name="Click Element" library="AppiumLibrary">
<doc>Click element identified by `locator`.</doc>
<arguments>
<arg>//*[contains(@text,"HSE Dynamic Petrol")]</arg>
</arguments>
<msg timestamp="20210127 16:55:38.645" level="INFO">Clicking element '//*[contains(@text,"HSE Dynamic Petrol")]'.</msg>
<status status="PASS" starttime="20210127 16:55:38.643" endtime="20210127 16:55:39.122"></status>
</kw>
<msg timestamp="20210127 16:55:39.123" level="INFO">${output} = ('PASS', None)</msg>
<status status="PASS" starttime="20210127 16:55:38.643" endtime="20210127 16:55:39.123"></status>
</kw>
<kw name="Swipe By Percent" library="AppiumLibrary">
<doc>Swipe from one percent of the screen to another percent, for an optional duration.
Normal swipe fails to scale for different screen resolutions, this can be avoided using percent.</doc>
<arguments>
<arg>50</arg>
<arg>75</arg>
<arg>50</arg>
<arg>25</arg>
<arg>1000</arg>
</arguments>
<status status="PASS" starttime="20210127 16:55:39.124" endtime="20210127 16:55:41.017"></status>
</kw>
<kw name="Exit For Loop If" library="BuiltIn">
<doc>Stops executing the enclosing for loop if the ``condition`` is true.</doc>
<arguments>
<arg>'${output}[0]'=='PASS'</arg>
</arguments>
<msg timestamp="20210127 16:55:41.019" level="INFO">Exiting for loop altogether.</msg>
<status status="PASS" starttime="20210127 16:55:41.018" endtime="20210127 16:55:41.019"></status>
</kw>
<status status="PASS" starttime="20210127 16:55:38.642" endtime="20210127 16:55:41.020"></status>
</kw>
<status status="PASS" starttime="20210127 16:55:35.975" endtime="20210127 16:55:41.021"></status>
</kw>
<kw name="Get Webelements" library="AppiumLibrary">
<doc>Returns list of [http://selenium-python.readthedocs.io/api.html#module-selenium.webdriver.remote.webelement|WebElement] objects matching ``locator``.</doc>
<arguments>
<arg>//*[@resource-id="com.cuvora.carinfo:id/carPropertyValueTextView"]</arg>
</arguments>
<assign>
<var>${elements}</var>
</assign>
<msg timestamp="20210127 16:55:41.829" level="INFO">${elements} = [&lt;appium.webdriver.webelement.WebElement (session="f74c2169-4807-4c24-b694-add119397028", element="67aefae2-7895-48d8-8702-b9162e16648d")&gt;, &lt;appium.webdriver.webelement.WebElement (session="f74c2169-4...</msg>
<status status="PASS" starttime="20210127 16:55:41.021" endtime="20210127 16:55:41.830"></status>
</kw>
<kw name="Log To Console" library="BuiltIn">
<doc>Logs the given message to the console.</doc>
<arguments>
<arg>${elements}</arg>
</arguments>
<status status="PASS" starttime="20210127 16:55:41.830" endtime="20210127 16:55:41.831"></status>
</kw>
<kw name="${ele} IN [ @{elements} ]" type="for">
<kw name="${ele} = &lt;appium.webdriver.webelement.WebElement (session=&quot;f74c2169-4807-4c24-b694-add119397028&quot;, element=&quot;67aefae2-7895-48d8-8702-b9162e16648d&quot;)&gt;" type="foritem">
<kw name="Run Keyword And Ignore Error" library="BuiltIn">
<doc>Runs the given keyword with the given arguments and ignores possible error.</doc>
<arguments>
<arg>Element Text Should Be</arg>
<arg>${ele}</arg>
<arg>Petrol</arg>
</arguments>
<assign>
<var>${output}</var>
</assign>
<kw name="Element Text Should Be" library="AppiumLibrary">
<doc>Verifies element identified by ``locator`` exactly contains text ``expected``.</doc>
<arguments>
<arg>${ele}</arg>
<arg>Petrol</arg>
</arguments>
<msg timestamp="20210127 16:55:41.835" level="INFO">Verifying element '&lt;appium.webdriver.webelement.WebElement (session="f74c2169-4807-4c24-b694-add119397028", element="67aefae2-7895-48d8-8702-b9162e16648d")&gt;' contains exactly text 'Petrol'.</msg>
<kw name="Capture Page Screenshot" library="AppiumLibrary">
<doc>Takes a screenshot of the current page and embeds it into the log.</doc>
<msg timestamp="20210127 16:55:42.397" level="INFO" html="yes">&lt;/td&gt;&lt;/tr&gt;&lt;tr&gt;&lt;td colspan="3"&gt;&lt;a href="appium-screenshot-4.png"&gt;&lt;img src="appium-screenshot-4.png" width="800px"&gt;&lt;/a&gt;</msg>
<status status="PASS" starttime="20210127 16:55:41.877" endtime="20210127 16:55:42.398"></status>
</kw>
<msg timestamp="20210127 16:55:42.399" level="FAIL">The text of element '&lt;appium.webdriver.webelement.WebElement (session="f74c2169-4807-4c24-b694-add119397028", element="67aefae2-7895-48d8-8702-b9162e16648d")&gt;' should have been 'Petrol' but in fact it was '4370'.</msg>
<status status="FAIL" starttime="20210127 16:55:41.833" endtime="20210127 16:55:42.399"></status>
</kw>
<msg timestamp="20210127 16:55:42.402" level="INFO">${output} = ('FAIL', 'The text of element \'&lt;appium.webdriver.webelement.WebElement (session="f74c2169-4807-4c24-b694-add119397028", element="67aefae2-7895-48d8-8702-b9162e16648d")&gt;\' should have been \'Petrol\' ...</msg>
<status status="PASS" starttime="20210127 16:55:41.833" endtime="20210127 16:55:42.402"></status>
</kw>
<kw name="Get Text" library="AppiumLibrary">
<doc>Get element text (for hybrid and mobile browser use `xpath` locator, others might cause problem)</doc>
<arguments>
<arg>${ele}</arg>
</arguments>
<assign>
<var>${text}</var>
</assign>
<msg timestamp="20210127 16:55:42.477" level="INFO">Element '&lt;appium.webdriver.webelement.WebElement (session="f74c2169-4807-4c24-b694-add119397028", element="67aefae2-7895-48d8-8702-b9162e16648d")&gt;' text is '4370' </msg>
<msg timestamp="20210127 16:55:42.478" level="INFO">${text} = 4370</msg>
<status status="PASS" starttime="20210127 16:55:42.403" endtime="20210127 16:55:42.478"></status>
</kw>
<kw name="Log To Console" library="BuiltIn">
<doc>Logs the given message to the console.</doc>
<arguments>
<arg>${text}</arg>
</arguments>
<status status="PASS" starttime="20210127 16:55:42.478" endtime="20210127 16:55:42.479"></status>
</kw>
<kw name="Run Keyword If" library="BuiltIn">
<doc>Runs the given keyword with the given arguments, if ``condition`` is true.</doc>
<arguments>
<arg>'${output}[0]'=='PASS'</arg>
<arg>Set Variable</arg>
<arg>passed</arg>
</arguments>
<assign>
<var>${result}</var>
</assign>
<msg timestamp="20210127 16:55:42.480" level="INFO">${result} = None</msg>
<status status="PASS" starttime="20210127 16:55:42.479" endtime="20210127 16:55:42.480"></status>
</kw>
<kw name="Exit For Loop If" library="BuiltIn">
<doc>Stops executing the enclosing for loop if the ``condition`` is true.</doc>
<arguments>
<arg>'${output}[0]'=='PASS'</arg>
</arguments>
<status status="PASS" starttime="20210127 16:55:42.480" endtime="20210127 16:55:42.481"></status>
</kw>
<status status="PASS" starttime="20210127 16:55:41.832" endtime="20210127 16:55:42.481"></status>
</kw>
<kw name="${ele} = &lt;appium.webdriver.webelement.WebElement (session=&quot;f74c2169-4807-4c24-b694-add119397028&quot;, element=&quot;62d386b1-76d6-4436-bd2c-d9178f9a3c63&quot;)&gt;" type="foritem">
<kw name="Run Keyword And Ignore Error" library="BuiltIn">
<doc>Runs the given keyword with the given arguments and ignores possible error.</doc>
<arguments>
<arg>Element Text Should Be</arg>
<arg>${ele}</arg>
<arg>Petrol</arg>
</arguments>
<assign>
<var>${output}</var>
</assign>
<kw name="Element Text Should Be" library="AppiumLibrary">
<doc>Verifies element identified by ``locator`` exactly contains text ``expected``.</doc>
<arguments>
<arg>${ele}</arg>
<arg>Petrol</arg>
</arguments>
<msg timestamp="20210127 16:55:42.484" level="INFO">Verifying element '&lt;appium.webdriver.webelement.WebElement (session="f74c2169-4807-4c24-b694-add119397028", element="62d386b1-76d6-4436-bd2c-d9178f9a3c63")&gt;' contains exactly text 'Petrol'.</msg>
<kw name="Capture Page Screenshot" library="AppiumLibrary">
<doc>Takes a screenshot of the current page and embeds it into the log.</doc>
<msg timestamp="20210127 16:55:43.037" level="INFO" html="yes">&lt;/td&gt;&lt;/tr&gt;&lt;tr&gt;&lt;td colspan="3"&gt;&lt;a href="appium-screenshot-5.png"&gt;&lt;img src="appium-screenshot-5.png" width="800px"&gt;&lt;/a&gt;</msg>
<status status="PASS" starttime="20210127 16:55:42.525" endtime="20210127 16:55:43.038"></status>
</kw>
<msg timestamp="20210127 16:55:43.040" level="FAIL">The text of element '&lt;appium.webdriver.webelement.WebElement (session="f74c2169-4807-4c24-b694-add119397028", element="62d386b1-76d6-4436-bd2c-d9178f9a3c63")&gt;' should have been 'Petrol' but in fact it was '1900'.</msg>
<status status="FAIL" starttime="20210127 16:55:42.482" endtime="20210127 16:55:43.040"></status>
</kw>
<msg timestamp="20210127 16:55:43.040" level="INFO">${output} = ('FAIL', 'The text of element \'&lt;appium.webdriver.webelement.WebElement (session="f74c2169-4807-4c24-b694-add119397028", element="62d386b1-76d6-4436-bd2c-d9178f9a3c63")&gt;\' should have been \'Petrol\' ...</msg>
<status status="PASS" starttime="20210127 16:55:42.482" endtime="20210127 16:55:43.041"></status>
</kw>
<kw name="Get Text" library="AppiumLibrary">
<doc>Get element text (for hybrid and mobile browser use `xpath` locator, others might cause problem)</doc>
<arguments>
<arg>${ele}</arg>
</arguments>
<assign>
<var>${text}</var>
</assign>
<msg timestamp="20210127 16:55:43.085" level="INFO">Element '&lt;appium.webdriver.webelement.WebElement (session="f74c2169-4807-4c24-b694-add119397028", element="62d386b1-76d6-4436-bd2c-d9178f9a3c63")&gt;' text is '1900' </msg>
<msg timestamp="20210127 16:55:43.086" level="INFO">${text} = 1900</msg>
<status status="PASS" starttime="20210127 16:55:43.041" endtime="20210127 16:55:43.086"></status>
</kw>
<kw name="Log To Console" library="BuiltIn">
<doc>Logs the given message to the console.</doc>
<arguments>
<arg>${text}</arg>
</arguments>
<status status="PASS" starttime="20210127 16:55:43.086" endtime="20210127 16:55:43.087"></status>
</kw>
<kw name="Run Keyword If" library="BuiltIn">
<doc>Runs the given keyword with the given arguments, if ``condition`` is true.</doc>
<arguments>
<arg>'${output}[0]'=='PASS'</arg>
<arg>Set Variable</arg>
<arg>passed</arg>
</arguments>
<assign>
<var>${result}</var>
</assign>
<msg timestamp="20210127 16:55:43.088" level="INFO">${result} = None</msg>
<status status="PASS" starttime="20210127 16:55:43.087" endtime="20210127 16:55:43.088"></status>
</kw>
<kw name="Exit For Loop If" library="BuiltIn">
<doc>Stops executing the enclosing for loop if the ``condition`` is true.</doc>
<arguments>
<arg>'${output}[0]'=='PASS'</arg>
</arguments>
<status status="PASS" starttime="20210127 16:55:43.089" endtime="20210127 16:55:43.090"></status>
</kw>
<status status="PASS" starttime="20210127 16:55:42.481" endtime="20210127 16:55:43.091"></status>
</kw>
<kw name="${ele} = &lt;appium.webdriver.webelement.WebElement (session=&quot;f74c2169-4807-4c24-b694-add119397028&quot;, element=&quot;0ad1b212-4494-4b37-a184-1bf0b01cb4e9&quot;)&gt;" type="foritem">
<kw name="Run Keyword And Ignore Error" library="BuiltIn">
<doc>Runs the given keyword with the given arguments and ignores possible error.</doc>
<arguments>
<arg>Element Text Should Be</arg>
<arg>${ele}</arg>
<arg>Petrol</arg>
</arguments>
<assign>
<var>${output}</var>
</assign>
<kw name="Element Text Should Be" library="AppiumLibrary">
<doc>Verifies element identified by ``locator`` exactly contains text ``expected``.</doc>
<arguments>
<arg>${ele}</arg>
<arg>Petrol</arg>
</arguments>
<msg timestamp="20210127 16:55:43.094" level="INFO">Verifying element '&lt;appium.webdriver.webelement.WebElement (session="f74c2169-4807-4c24-b694-add119397028", element="0ad1b212-4494-4b37-a184-1bf0b01cb4e9")&gt;' contains exactly text 'Petrol'.</msg>
<kw name="Capture Page Screenshot" library="AppiumLibrary">
<doc>Takes a screenshot of the current page and embeds it into the log.</doc>
<msg timestamp="20210127 16:55:43.603" level="INFO" html="yes">&lt;/td&gt;&lt;/tr&gt;&lt;tr&gt;&lt;td colspan="3"&gt;&lt;a href="appium-screenshot-6.png"&gt;&lt;img src="appium-screenshot-6.png" width="800px"&gt;&lt;/a&gt;</msg>
<status status="PASS" starttime="20210127 16:55:43.125" endtime="20210127 16:55:43.604"></status>
</kw>
<msg timestamp="20210127 16:55:43.605" level="FAIL">The text of element '&lt;appium.webdriver.webelement.WebElement (session="f74c2169-4807-4c24-b694-add119397028", element="0ad1b212-4494-4b37-a184-1bf0b01cb4e9")&gt;' should have been 'Petrol' but in fact it was '1609'.</msg>
<status status="FAIL" starttime="20210127 16:55:43.092" endtime="20210127 16:55:43.605"></status>
</kw>
<msg timestamp="20210127 16:55:43.605" level="INFO">${output} = ('FAIL', 'The text of element \'&lt;appium.webdriver.webelement.WebElement (session="f74c2169-4807-4c24-b694-add119397028", element="0ad1b212-4494-4b37-a184-1bf0b01cb4e9")&gt;\' should have been \'Petrol\' ...</msg>
<status status="PASS" starttime="20210127 16:55:43.091" endtime="20210127 16:55:43.606"></status>
</kw>
<kw name="Get Text" library="AppiumLibrary">
<doc>Get element text (for hybrid and mobile browser use `xpath` locator, others might cause problem)</doc>
<arguments>
<arg>${ele}</arg>
</arguments>
<assign>
<var>${text}</var>
</assign>
<msg timestamp="20210127 16:55:43.641" level="INFO">Element '&lt;appium.webdriver.webelement.WebElement (session="f74c2169-4807-4c24-b694-add119397028", element="0ad1b212-4494-4b37-a184-1bf0b01cb4e9")&gt;' text is '1609' </msg>
<msg timestamp="20210127 16:55:43.641" level="INFO">${text} = 1609</msg>
<status status="PASS" starttime="20210127 16:55:43.606" endtime="20210127 16:55:43.642"></status>
</kw>
<kw name="Log To Console" library="BuiltIn">
<doc>Logs the given message to the console.</doc>
<arguments>
<arg>${text}</arg>
</arguments>
<status status="PASS" starttime="20210127 16:55:43.642" endtime="20210127 16:55:43.643"></status>
</kw>
<kw name="Run Keyword If" library="BuiltIn">
<doc>Runs the given keyword with the given arguments, if ``condition`` is true.</doc>
<arguments>
<arg>'${output}[0]'=='PASS'</arg>
<arg>Set Variable</arg>
<arg>passed</arg>
</arguments>
<assign>
<var>${result}</var>
</assign>
<msg timestamp="20210127 16:55:43.643" level="INFO">${result} = None</msg>
<status status="PASS" starttime="20210127 16:55:43.643" endtime="20210127 16:55:43.644"></status>
</kw>
<kw name="Exit For Loop If" library="BuiltIn">
<doc>Stops executing the enclosing for loop if the ``condition`` is true.</doc>
<arguments>
<arg>'${output}[0]'=='PASS'</arg>
</arguments>
<status status="PASS" starttime="20210127 16:55:43.644" endtime="20210127 16:55:43.645"></status>
</kw>
<status status="PASS" starttime="20210127 16:55:43.091" endtime="20210127 16:55:43.645"></status>
</kw>
<kw name="${ele} = &lt;appium.webdriver.webelement.WebElement (session=&quot;f74c2169-4807-4c24-b694-add119397028&quot;, element=&quot;02b9545f-3f9d-4fd5-aa11-4e72fb8dcf7d&quot;)&gt;" type="foritem">
<kw name="Run Keyword And Ignore Error" library="BuiltIn">
<doc>Runs the given keyword with the given arguments and ignores possible error.</doc>
<arguments>
<arg>Element Text Should Be</arg>
<arg>${ele}</arg>
<arg>Petrol</arg>
</arguments>
<assign>
<var>${output}</var>
</assign>
<kw name="Element Text Should Be" library="AppiumLibrary">
<doc>Verifies element identified by ``locator`` exactly contains text ``expected``.</doc>
<arguments>
<arg>${ele}</arg>
<arg>Petrol</arg>
</arguments>
<msg timestamp="20210127 16:55:43.648" level="INFO">Verifying element '&lt;appium.webdriver.webelement.WebElement (session="f74c2169-4807-4c24-b694-add119397028", element="02b9545f-3f9d-4fd5-aa11-4e72fb8dcf7d")&gt;' contains exactly text 'Petrol'.</msg>
<kw name="Capture Page Screenshot" library="AppiumLibrary">
<doc>Takes a screenshot of the current page and embeds it into the log.</doc>
<msg timestamp="20210127 16:55:44.299" level="INFO" html="yes">&lt;/td&gt;&lt;/tr&gt;&lt;tr&gt;&lt;td colspan="3"&gt;&lt;a href="appium-screenshot-7.png"&gt;&lt;img src="appium-screenshot-7.png" width="800px"&gt;&lt;/a&gt;</msg>
<status status="PASS" starttime="20210127 16:55:43.691" endtime="20210127 16:55:44.299"></status>
</kw>
<msg timestamp="20210127 16:55:44.300" level="FAIL">The text of element '&lt;appium.webdriver.webelement.WebElement (session="f74c2169-4807-4c24-b694-add119397028", element="02b9545f-3f9d-4fd5-aa11-4e72fb8dcf7d")&gt;' should have been 'Petrol' but in fact it was '5'.</msg>
<status status="FAIL" starttime="20210127 16:55:43.646" endtime="20210127 16:55:44.301"></status>
</kw>
<msg timestamp="20210127 16:55:44.301" level="INFO">${output} = ('FAIL', 'The text of element \'&lt;appium.webdriver.webelement.WebElement (session="f74c2169-4807-4c24-b694-add119397028", element="02b9545f-3f9d-4fd5-aa11-4e72fb8dcf7d")&gt;\' should have been \'Petrol\' ...</msg>
<status status="PASS" starttime="20210127 16:55:43.645" endtime="20210127 16:55:44.301"></status>
</kw>
<kw name="Get Text" library="AppiumLibrary">
<doc>Get element text (for hybrid and mobile browser use `xpath` locator, others might cause problem)</doc>
<arguments>
<arg>${ele}</arg>
</arguments>
<assign>
<var>${text}</var>
</assign>
<msg timestamp="20210127 16:55:44.339" level="INFO">Element '&lt;appium.webdriver.webelement.WebElement (session="f74c2169-4807-4c24-b694-add119397028", element="02b9545f-3f9d-4fd5-aa11-4e72fb8dcf7d")&gt;' text is '5' </msg>
<msg timestamp="20210127 16:55:44.340" level="INFO">${text} = 5</msg>
<status status="PASS" starttime="20210127 16:55:44.302" endtime="20210127 16:55:44.340"></status>
</kw>
<kw name="Log To Console" library="BuiltIn">
<doc>Logs the given message to the console.</doc>
<arguments>
<arg>${text}</arg>
</arguments>
<status status="PASS" starttime="20210127 16:55:44.341" endtime="20210127 16:55:44.341"></status>
</kw>
<kw name="Run Keyword If" library="BuiltIn">
<doc>Runs the given keyword with the given arguments, if ``condition`` is true.</doc>
<arguments>
<arg>'${output}[0]'=='PASS'</arg>
<arg>Set Variable</arg>
<arg>passed</arg>
</arguments>
<assign>
<var>${result}</var>
</assign>
<msg timestamp="20210127 16:55:44.342" level="INFO">${result} = None</msg>
<status status="PASS" starttime="20210127 16:55:44.342" endtime="20210127 16:55:44.343"></status>
</kw>
<kw name="Exit For Loop If" library="BuiltIn">
<doc>Stops executing the enclosing for loop if the ``condition`` is true.</doc>
<arguments>
<arg>'${output}[0]'=='PASS'</arg>
</arguments>
<status status="PASS" starttime="20210127 16:55:44.343" endtime="20210127 16:55:44.344"></status>
</kw>
<status status="PASS" starttime="20210127 16:55:43.645" endtime="20210127 16:55:44.344"></status>
</kw>
<kw name="${ele} = &lt;appium.webdriver.webelement.WebElement (session=&quot;f74c2169-4807-4c24-b694-add119397028&quot;, element=&quot;49c0c089-10c6-4348-83d9-153f6bd904af&quot;)&gt;" type="foritem">
<kw name="Run Keyword And Ignore Error" library="BuiltIn">
<doc>Runs the given keyword with the given arguments and ignores possible error.</doc>
<arguments>
<arg>Element Text Should Be</arg>
<arg>${ele}</arg>
<arg>Petrol</arg>
</arguments>
<assign>
<var>${output}</var>
</assign>
<kw name="Element Text Should Be" library="AppiumLibrary">
<doc>Verifies element identified by ``locator`` exactly contains text ``expected``.</doc>
<arguments>
<arg>${ele}</arg>
<arg>Petrol</arg>
</arguments>
<msg timestamp="20210127 16:55:44.348" level="INFO">Verifying element '&lt;appium.webdriver.webelement.WebElement (session="f74c2169-4807-4c24-b694-add119397028", element="49c0c089-10c6-4348-83d9-153f6bd904af")&gt;' contains exactly text 'Petrol'.</msg>
<kw name="Capture Page Screenshot" library="AppiumLibrary">
<doc>Takes a screenshot of the current page and embeds it into the log.</doc>
<msg timestamp="20210127 16:55:44.931" level="INFO" html="yes">&lt;/td&gt;&lt;/tr&gt;&lt;tr&gt;&lt;td colspan="3"&gt;&lt;a href="appium-screenshot-8.png"&gt;&lt;img src="appium-screenshot-8.png" width="800px"&gt;&lt;/a&gt;</msg>
<status status="PASS" starttime="20210127 16:55:44.387" endtime="20210127 16:55:44.932"></status>
</kw>
<msg timestamp="20210127 16:55:44.933" level="FAIL">The text of element '&lt;appium.webdriver.webelement.WebElement (session="f74c2169-4807-4c24-b694-add119397028", element="49c0c089-10c6-4348-83d9-153f6bd904af")&gt;' should have been 'Petrol' but in fact it was '1997'.</msg>
<status status="FAIL" starttime="20210127 16:55:44.346" endtime="20210127 16:55:44.933"></status>
</kw>
<msg timestamp="20210127 16:55:44.933" level="INFO">${output} = ('FAIL', 'The text of element \'&lt;appium.webdriver.webelement.WebElement (session="f74c2169-4807-4c24-b694-add119397028", element="49c0c089-10c6-4348-83d9-153f6bd904af")&gt;\' should have been \'Petrol\' ...</msg>
<status status="PASS" starttime="20210127 16:55:44.345" endtime="20210127 16:55:44.934"></status>
</kw>
<kw name="Get Text" library="AppiumLibrary">
<doc>Get element text (for hybrid and mobile browser use `xpath` locator, others might cause problem)</doc>
<arguments>
<arg>${ele}</arg>
</arguments>
<assign>
<var>${text}</var>
</assign>
<msg timestamp="20210127 16:55:44.986" level="INFO">Element '&lt;appium.webdriver.webelement.WebElement (session="f74c2169-4807-4c24-b694-add119397028", element="49c0c089-10c6-4348-83d9-153f6bd904af")&gt;' text is '1997' </msg>
<msg timestamp="20210127 16:55:44.986" level="INFO">${text} = 1997</msg>
<status status="PASS" starttime="20210127 16:55:44.934" endtime="20210127 16:55:44.987"></status>
</kw>
<kw name="Log To Console" library="BuiltIn">
<doc>Logs the given message to the console.</doc>
<arguments>
<arg>${text}</arg>
</arguments>
<status status="PASS" starttime="20210127 16:55:44.987" endtime="20210127 16:55:44.988"></status>
</kw>
<kw name="Run Keyword If" library="BuiltIn">
<doc>Runs the given keyword with the given arguments, if ``condition`` is true.</doc>
<arguments>
<arg>'${output}[0]'=='PASS'</arg>
<arg>Set Variable</arg>
<arg>passed</arg>
</arguments>
<assign>
<var>${result}</var>
</assign>
<msg timestamp="20210127 16:55:44.988" level="INFO">${result} = None</msg>
<status status="PASS" starttime="20210127 16:55:44.988" endtime="20210127 16:55:44.989"></status>
</kw>
<kw name="Exit For Loop If" library="BuiltIn">
<doc>Stops executing the enclosing for loop if the ``condition`` is true.</doc>
<arguments>
<arg>'${output}[0]'=='PASS'</arg>
</arguments>
<status status="PASS" starttime="20210127 16:55:44.989" endtime="20210127 16:55:44.990"></status>
</kw>
<status status="PASS" starttime="20210127 16:55:44.345" endtime="20210127 16:55:44.990"></status>
</kw>
<kw name="${ele} = &lt;appium.webdriver.webelement.WebElement (session=&quot;f74c2169-4807-4c24-b694-add119397028&quot;, element=&quot;c4b09101-bc8d-4b41-bcca-ee5106948ca4&quot;)&gt;" type="foritem">
<kw name="Run Keyword And Ignore Error" library="BuiltIn">
<doc>Runs the given keyword with the given arguments and ignores possible error.</doc>
<arguments>
<arg>Element Text Should Be</arg>
<arg>${ele}</arg>
<arg>Petrol</arg>
</arguments>
<assign>
<var>${output}</var>
</assign>
<kw name="Element Text Should Be" library="AppiumLibrary">
<doc>Verifies element identified by ``locator`` exactly contains text ``expected``.</doc>
<arguments>
<arg>${ele}</arg>
<arg>Petrol</arg>
</arguments>
<msg timestamp="20210127 16:55:44.994" level="INFO">Verifying element '&lt;appium.webdriver.webelement.WebElement (session="f74c2169-4807-4c24-b694-add119397028", element="c4b09101-bc8d-4b41-bcca-ee5106948ca4")&gt;' contains exactly text 'Petrol'.</msg>
<status status="PASS" starttime="20210127 16:55:44.992" endtime="20210127 16:55:45.600"></status>
</kw>
<msg timestamp="20210127 16:55:45.601" level="INFO">${output} = ('PASS', None)</msg>
<status status="PASS" starttime="20210127 16:55:44.991" endtime="20210127 16:55:45.601"></status>
</kw>
<kw name="Get Text" library="AppiumLibrary">
<doc>Get element text (for hybrid and mobile browser use `xpath` locator, others might cause problem)</doc>
<arguments>
<arg>${ele}</arg>
</arguments>
<assign>
<var>${text}</var>
</assign>
<msg timestamp="20210127 16:55:45.626" level="INFO">Element '&lt;appium.webdriver.webelement.WebElement (session="f74c2169-4807-4c24-b694-add119397028", element="c4b09101-bc8d-4b41-bcca-ee5106948ca4")&gt;' text is 'Petrol' </msg>
<msg timestamp="20210127 16:55:45.626" level="INFO">${text} = Petrol</msg>
<status status="PASS" starttime="20210127 16:55:45.602" endtime="20210127 16:55:45.626"></status>
</kw>
<kw name="Log To Console" library="BuiltIn">
<doc>Logs the given message to the console.</doc>
<arguments>
<arg>${text}</arg>
</arguments>
<status status="PASS" starttime="20210127 16:55:45.630" endtime="20210127 16:55:45.630"></status>
</kw>
<kw name="Run Keyword If" library="BuiltIn">
<doc>Runs the given keyword with the given arguments, if ``condition`` is true.</doc>
<arguments>
<arg>'${output}[0]'=='PASS'</arg>
<arg>Set Variable</arg>
<arg>passed</arg>
</arguments>
<assign>
<var>${result}</var>
</assign>
<kw name="Set Variable" library="BuiltIn">
<doc>Returns the given values which can then be assigned to a variables.</doc>
<arguments>
<arg>passed</arg>
</arguments>
<status status="PASS" starttime="20210127 16:55:45.631" endtime="20210127 16:55:45.632"></status>
</kw>
<msg timestamp="20210127 16:55:45.632" level="INFO">${result} = passed</msg>
<status status="PASS" starttime="20210127 16:55:45.631" endtime="20210127 16:55:45.632"></status>
</kw>
<kw name="Exit For Loop If" library="BuiltIn">
<doc>Stops executing the enclosing for loop if the ``condition`` is true.</doc>
<arguments>
<arg>'${output}[0]'=='PASS'</arg>
</arguments>
<msg timestamp="20210127 16:55:45.633" level="INFO">Exiting for loop altogether.</msg>
<status status="PASS" starttime="20210127 16:55:45.633" endtime="20210127 16:55:45.634"></status>
</kw>
<status status="PASS" starttime="20210127 16:55:44.991" endtime="20210127 16:55:45.634"></status>
</kw>
<status status="PASS" starttime="20210127 16:55:41.832" endtime="20210127 16:55:45.634"></status>
</kw>
<kw name="Should Be Equal" library="BuiltIn">
<doc>Fails if the given objects are unequal.</doc>
<arguments>
<arg>${result}</arg>
<arg>passed</arg>
</arguments>
<status status="PASS" starttime="20210127 16:55:45.634" endtime="20210127 16:55:45.635"></status>
</kw>
<kw name="Go Back" library="AppiumLibrary">
<doc>Goes one step backward in the browser history.</doc>
<status status="PASS" starttime="20210127 16:55:45.635" endtime="20210127 16:55:45.821"></status>
</kw>
<kw name="Sleep" library="BuiltIn">
<doc>Pauses the test executed for the given time.</doc>
<arguments>
<arg>10s</arg>
</arguments>
<msg timestamp="20210127 16:55:55.824" level="INFO">Slept 10 seconds</msg>
<status status="PASS" starttime="20210127 16:55:45.822" endtime="20210127 16:55:55.824"></status>
</kw>
<status status="PASS" starttime="20210127 16:55:06.296" endtime="20210127 16:55:55.825" critical="yes"></status>
</test>
<status status="PASS" starttime="20210127 16:55:06.037" endtime="20210127 16:55:55.826"></status>
</suite>
<status status="PASS" starttime="20210127 16:55:06.033" endtime="20210127 16:55:55.829"></status>
</suite>
<status status="PASS" starttime="20210127 16:55:05.997" endtime="20210127 16:55:55.832"></status>
</suite>
<statistics>
<total>
<stat pass="1" fail="0">Critical Tests</stat>
<stat pass="1" fail="0">All Tests</stat>
</total>
<tag>
</tag>
<suite>
<stat pass="1" fail="0" id="s1" name="Appium99003123">Appium99003123</stat>
<stat pass="1" fail="0" id="s1-s1" name="CarInfo">Appium99003123.CarInfo</stat>
<stat pass="1" fail="0" id="s1-s1-s1" name="Verify CarInfo test">Appium99003123.CarInfo.Verify CarInfo test</stat>
</suite>
</statistics>
<errors>
</errors>
</robot>
